
2025/01/05 (19:00:10) | ===> btop++ v.1.4.0
2025/01/05 (19:00:10) | WARNING: No good candidate for cpu sensor found, using random from all found sensors.

2025/03/08 (14:35:49) | ===> btop++ v.1.4.0
2025/03/08 (14:35:49) | WARNING: No good candidate for cpu sensor found, using random from all found sensors.

2025/03/14 (09:49:43) | ===> btop++ v.1.4.0
2025/03/14 (09:49:43) | WARNING: No good candidate for cpu sensor found, using random from all found sensors.

2025/03/14 (09:50:13) | ===> btop++ v.1.4.0
2025/03/14 (09:50:13) | WARNING: No good candidate for cpu sensor found, using random from all found sensors.

2025/03/14 (13:17:58) | ===> btop++ v.1.4.0
2025/03/14 (13:17:58) | WARNING: No good candidate for cpu sensor found, using random from all found sensors.

2025/03/21 (15:35:06) | ===> btop++ v.1.4.0
2025/03/21 (15:35:06) | WARNING: No good candidate for cpu sensor found, using random from all found sensors.

2025/03/21 (16:12:39) | ===> btop++ v.1.4.0
2025/03/21 (16:12:39) | WARNING: No good candidate for cpu sensor found, using random from all found sensors.

2025/03/23 (08:06:17) | ===> btop++ v.1.4.0
2025/03/23 (08:06:17) | WARNING: No good candidate for cpu sensor found, using random from all found sensors.

2025/03/23 (08:06:41) | ===> btop++ v.1.4.0
2025/03/23 (08:06:41) | WARNING: No good candidate for cpu sensor found, using random from all found sensors.

2025/03/23 (08:30:51) | ===> btop++ v.1.4.0
2025/03/23 (08:30:51) | WARNING: No good candidate for cpu sensor found, using random from all found sensors.

2025/03/23 (08:31:16) | ===> btop++ v.1.4.0
2025/03/23 (08:31:16) | WARNING: No good candidate for cpu sensor found, using random from all found sensors.

2025/03/23 (17:03:27) | ===> btop++ v.1.4.0
2025/03/23 (17:03:27) | WARNING: No good candidate for cpu sensor found, using random from all found sensors.

2025/04/01 (14:54:43) | ===> btop++ v.1.4.0
2025/04/01 (14:54:43) | WARNING: No good candidate for cpu sensor found, using random from all found sensors.

2025/04/02 (07:12:29) | ===> btop++ v.1.4.0
2025/04/02 (07:12:29) | WARNING: No good candidate for cpu sensor found, using random from all found sensors.

2025/04/02 (07:12:46) | ===> btop++ v.1.4.0
2025/04/02 (07:12:46) | WARNING: No good candidate for cpu sensor found, using random from all found sensors.

2025/04/02 (12:49:06) | ===> btop++ v.1.4.0
2025/04/02 (12:49:06) | WARNING: No good candidate for cpu sensor found, using random from all found sensors.

2025/04/02 (19:43:18) | ===> btop++ v.1.4.0
2025/04/02 (19:43:18) | WARNING: No good candidate for cpu sensor found, using random from all found sensors.

2025/04/02 (19:53:05) | ===> btop++ v.1.4.0
2025/04/02 (19:53:05) | WARNING: No good candidate for cpu sensor found, using random from all found sensors.

2025/04/03 (07:13:51) | ===> btop++ v.1.4.0
2025/04/03 (07:13:51) | WARNING: No good candidate for cpu sensor found, using random from all found sensors.

2025/04/04 (07:51:50) | ===> btop++ v.1.4.0
2025/04/04 (07:51:50) | WARNING: No good candidate for cpu sensor found, using random from all found sensors.

2025/04/04 (09:06:17) | ===> btop++ v.1.4.0
2025/04/04 (09:06:17) | WARNING: No good candidate for cpu sensor found, using random from all found sensors.
2025/04/04 (13:46:00) | ERROR: Stall in Runner thread, restarting!
2025/04/04 (13:46:15) | ERROR: Stall in Runner thread, restarting!
2025/04/04 (13:46:33) | ERROR: Stall in Runner thread, restarting!
2025/04/04 (13:46:51) | ERROR: Stall in Runner thread, restarting!

2025/04/04 (13:48:54) | ===> btop++ v.1.4.0
2025/04/04 (13:48:54) | WARNING: No good candidate for cpu sensor found, using random from all found sensors.

2025/04/04 (15:53:40) | ===> btop++ v.1.4.0
2025/04/04 (15:53:40) | WARNING: No good candidate for cpu sensor found, using random from all found sensors.

2025/04/07 (17:51:44) | ===> btop++ v.1.4.0
2025/04/07 (17:51:44) | WARNING: No good candidate for cpu sensor found, using random from all found sensors.

2025/04/08 (08:25:43) | ===> btop++ v.1.4.0
2025/04/08 (08:25:43) | WARNING: No good candidate for cpu sensor found, using random from all found sensors.

2025/05/15 (17:59:38) | ===> btop++ v.1.4.0
2025/05/15 (17:59:38) | WARNING: No good candidate for cpu sensor found, using random from all found sensors.

2025/05/16 (18:23:36) | ===> btop++ v.1.4.0
2025/05/16 (18:23:36) | WARNING: No good candidate for cpu sensor found, using random from all found sensors.

2025/05/16 (18:23:51) | ===> btop++ v.1.4.0
2025/05/16 (18:23:51) | WARNING: No good candidate for cpu sensor found, using random from all found sensors.

2025/05/20 (20:23:28) | ===> btop++ v.1.4.0
2025/05/20 (20:23:28) | WARNING: No good candidate for cpu sensor found, using random from all found sensors.

2025/05/26 (15:56:36) | ===> btop++ v.1.4.0
2025/05/26 (15:56:36) | WARNING: No good candidate for cpu sensor found, using random from all found sensors.

2025/05/27 (08:08:49) | ===> btop++ v.1.4.0
2025/05/27 (08:08:49) | WARNING: No good candidate for cpu sensor found, using random from all found sensors.

2025/05/27 (08:15:13) | ===> btop++ v.1.4.0
2025/05/27 (08:15:13) | WARNING: No good candidate for cpu sensor found, using random from all found sensors.

2025/05/27 (08:23:39) | ===> btop++ v.1.4.0
2025/05/27 (08:23:39) | WARNING: No good candidate for cpu sensor found, using random from all found sensors.

2025/05/27 (15:55:18) | ===> btop++ v.1.4.0
2025/05/27 (15:55:18) | WARNING: No good candidate for cpu sensor found, using random from all found sensors.

2025/05/27 (17:45:02) | ===> btop++ v.1.4.0
2025/05/27 (17:45:02) | WARNING: No good candidate for cpu sensor found, using random from all found sensors.

2025/05/27 (17:54:15) | ===> btop++ v.1.4.0
2025/05/27 (17:54:15) | WARNING: No good candidate for cpu sensor found, using random from all found sensors.
2025/05/27 (17:59:22) | ERROR: Couldn't determine terminal size of "STDOUT_FILENO"!
2025/05/27 (17:59:22) | ERROR: Couldn't determine terminal size of "/dev/tty"!

2025/06/05 (16:11:03) | ===> btop++ v.1.4.0
2025/06/05 (16:11:03) | WARNING: No good candidate for cpu sensor found, using random from all found sensors.

2025/06/06 (09:14:12) | ===> btop++ v.1.4.0
2025/06/06 (09:14:12) | WARNING: No good candidate for cpu sensor found, using random from all found sensors.

2025/06/06 (11:05:55) | ===> btop++ v.1.4.0
2025/06/06 (11:05:55) | WARNING: No good candidate for cpu sensor found, using random from all found sensors.

2025/06/13 (20:43:07) | ===> btop++ v.1.4.0
2025/06/13 (20:43:07) | WARNING: No good candidate for cpu sensor found, using random from all found sensors.

2025/06/13 (20:43:07) | ===> btop++ v.1.4.0
2025/06/13 (20:43:07) | WARNING: No good candidate for cpu sensor found, using random from all found sensors.

2025/06/13 (20:43:16) | ===> btop++ v.1.4.0
2025/06/13 (20:43:16) | WARNING: No good candidate for cpu sensor found, using random from all found sensors.

2025/06/14 (08:43:25) | ===> btop++ v.1.4.0
2025/06/14 (08:43:25) | WARNING: No good candidate for cpu sensor found, using random from all found sensors.
